<?xml version="1.0" encoding="UTF-8"?>
<!-- Generated by org.testng.reporters.JUnitReportReporter -->
<testsuite hostname="LAPTOP-U5FI03R8" failures="0" tests="8" name="HomePageTests" time="25.106" errors="0" timestamp="2024-01-18T16:18:56 EET" skipped="0">
  <testcase classname="HomePageTests" name="searchTest" time="1.561"/>
  <testcase classname="HomePageTests" name="changeCurrencyTest" time="1.098"/>
  <testcase classname="HomePageTests" name="subCategoryTest" time="1.865"/>
  <testcase classname="HomePageTests" name="tagTest" time="1.794"/>
  <testcase classname="HomePageTests" name="chooseByColorTest" time="2.334"/>
  <testcase classname="HomePageTests" name="addToCartTest" time="4.886"/>
  <testcase classname="HomePageTests" name="addToWishListTest" time="6.039"/>
  <testcase classname="HomePageTests" name="addToCompareListTest" time="5.529"/>
</testsuite> <!-- HomePageTests -->
