<?xml version="1.0" encoding="UTF-8"?>
<!-- Generated by org.testng.reporters.JUnitReportReporter -->
<testsuite hostname="LAPTOP-U5FI03R8" failures="0" tests="1" name="MyAccountPageTest" time="3.222" errors="0" timestamp="2024-01-18T16:19:29 EET" skipped="0">
  <testcase classname="MyAccountPageTest" name="changePasstest" time="3.222"/>
</testsuite> <!-- MyAccountPageTest -->
