<?xml version="1.0" encoding="UTF-8"?>
<!-- Generated by org.testng.reporters.JUnitReportReporter -->
<testsuite hostname="LAPTOP-U5FI03R8" failures="0" tests="9" name="RegisterPageTests" time="16.047" errors="0" timestamp="2024-01-16T15:40:01 EET" skipped="0">
  <testcase classname="RegisterPageTests" name="validRegisterTest" time="2.454"/>
  <testcase classname="RegisterPageTests" name="invalidRegisterTests" time="1.682"/>
  <testcase classname="RegisterPageTests" name="invalidRegisterTests" time="1.664"/>
  <testcase classname="RegisterPageTests" name="invalidRegisterTests" time="1.661"/>
  <testcase classname="RegisterPageTests" name="invalidRegisterTests" time="1.670"/>
  <testcase classname="RegisterPageTests" name="invalidRegisterTests" time="1.648"/>
  <testcase classname="RegisterPageTests" name="invalidRegisterTests" time="1.662"/>
  <testcase classname="RegisterPageTests" name="invalidRegisterTests" time="1.649"/>
  <testcase classname="RegisterPageTests" name="InvalidRegisterTest" time="1.957"/>
</testsuite> <!-- RegisterPageTests -->
