<?xml version="1.0" encoding="UTF-8"?>
<!-- Generated by org.testng.reporters.JUnitReportReporter -->
<testsuite hostname="LAPTOP-U5FI03R8" failures="0" tests="1" name="CartPageTests" time="10.856" errors="0" timestamp="2024-01-18T16:15:03 EET" skipped="0">
  <testcase classname="CartPageTests" name="checkOutTest" time="10.856"/>
</testsuite> <!-- CartPageTests -->
