<?xml version="1.0" encoding="UTF-8"?>
<!-- Generated by org.testng.reporters.JUnitReportReporter -->
<testsuite hostname="LAPTOP-U5FI03R8" failures="0" tests="1" name="TestBase" time="2.432" errors="0" timestamp="2024-01-15T20:55:27 EET" skipped="0">
  <testcase classname="TestBase" name="HomePageTest" time="2.432"/>
</testsuite> <!-- TestBase -->
